<?xml version="1.0" encoding="UTF-8"?>
<!-- Generated by org.testng.reporters.JUnitReportReporter -->
<testsuite name="testCases.DisableMic_CallPatient" tests="1" time="21.145" ignored="0" failures="0" timestamp="06 Nov 2020 16:26:14 GMT" skipped="0" hostname="MMS" errors="0">
  <testcase name="CallPatient" time="21.145" classname="testCases.DisableMic_CallPatient"/>
</testsuite> <!-- testCases.DisableMic_CallPatient -->
