<?xml version="1.0" encoding="UTF-8"?>
<!-- Generated by org.testng.reporters.JUnitReportReporter -->
<testsuite name="testCases.DisableMicandCamera" tests="1" time="47.286" ignored="0" failures="0" timestamp="15 Aug 2020 05:09:37 GMT" skipped="0" hostname="MMS" errors="0">
  <testcase name="CallPatient" time="47.286" classname="testCases.DisableMicandCamera"/>
</testsuite> <!-- testCases.DisableMicandCamera -->
