<?xml version="1.0" encoding="UTF-8"?>
<!-- Generated by org.testng.reporters.JUnitReportReporter -->
<testsuite name="testCases.CallThePatient" tests="1" time="20.069" ignored="0" failures="0" timestamp="06 Nov 2020 16:26:14 GMT" skipped="0" hostname="MMS" errors="0">
  <testcase name="CallPatient" time="20.069" classname="testCases.CallThePatient"/>
</testsuite> <!-- testCases.CallThePatient -->
