<?xml version="1.0" encoding="UTF-8"?>
<!-- Generated by org.testng.reporters.JUnitReportReporter -->
<testsuite name="testCases.PatientLogin" tests="1" time="3.648" ignored="0" failures="0" timestamp="06 Nov 2020 16:26:14 GMT" skipped="0" hostname="MMS" errors="0">
  <testcase name="Patient_Login" time="3.648" classname="testCases.PatientLogin"/>
</testsuite> <!-- testCases.PatientLogin -->
